Training...

EPOCH 1 ...
Training Accuracy = 0.464
Validation Accuracy = 0.479

EPOCH 2 ...
Training Accuracy = 0.624
Validation Accuracy = 0.656

EPOCH 3 ...
Training Accuracy = 0.709
Validation Accuracy = 0.734

EPOCH 4 ...
Training Accuracy = 0.756
Validation Accuracy = 0.772

EPOCH 5 ...
Training Accuracy = 0.788
Validation Accuracy = 0.804

EPOCH 6 ...
Training Accuracy = 0.813
Validation Accuracy = 0.810

EPOCH 7 ...
Training Accuracy = 0.827
Validation Accuracy = 0.829

EPOCH 8 ...
Training Accuracy = 0.839
Validation Accuracy = 0.830

EPOCH 9 ...
Training Accuracy = 0.853
Validation Accuracy = 0.848

EPOCH 10 ...
Training Accuracy = 0.860
Validation Accuracy = 0.857

EPOCH 11 ...
Training Accuracy = 0.870
Validation Accuracy = 0.857

EPOCH 12 ...
Training Accuracy = 0.876
Validation Accuracy = 0.869

EPOCH 13 ...
Training Accuracy = 0.887
Validation Accuracy = 0.874

EPOCH 14 ...
Training Accuracy = 0.889
Validation Accuracy = 0.880

EPOCH 15 ...
Training Accuracy = 0.893
Validation Accuracy = 0.885

EPOCH 16 ...
Training Accuracy = 0.898
Validation Accuracy = 0.893

EPOCH 17 ...
Training Accuracy = 0.899
Validation Accuracy = 0.880

EPOCH 18 ...
Training Accuracy = 0.902
Validation Accuracy = 0.899

EPOCH 19 ...
Training Accuracy = 0.901
Validation Accuracy = 0.893

EPOCH 20 ...
Training Accuracy = 0.910
Validation Accuracy = 0.899

Model saved
