Training...

EPOCH 1 ...
Training Accuracy = 0.736
Validation Accuracy = 0.747

EPOCH 2 ...
Training Accuracy = 0.820
Validation Accuracy = 0.820

EPOCH 3 ...
Training Accuracy = 0.835
Validation Accuracy = 0.830

EPOCH 4 ...
Training Accuracy = 0.870
Validation Accuracy = 0.857

EPOCH 5 ...
Training Accuracy = 0.868
Validation Accuracy = 0.859

EPOCH 6 ...
Training Accuracy = 0.874
Validation Accuracy = 0.868

EPOCH 7 ...
Training Accuracy = 0.890
Validation Accuracy = 0.894

EPOCH 8 ...
Training Accuracy = 0.894
Validation Accuracy = 0.883

EPOCH 9 ...
Training Accuracy = 0.896
Validation Accuracy = 0.883

EPOCH 10 ...
Training Accuracy = 0.897
Validation Accuracy = 0.879

EPOCH 11 ...
Training Accuracy = 0.900
Validation Accuracy = 0.877

EPOCH 12 ...
Training Accuracy = 0.905
Validation Accuracy = 0.890

EPOCH 13 ...
Training Accuracy = 0.901
Validation Accuracy = 0.874

EPOCH 14 ...
Training Accuracy = 0.912
Validation Accuracy = 0.898

EPOCH 15 ...
Training Accuracy = 0.909
Validation Accuracy = 0.897

EPOCH 16 ...
Training Accuracy = 0.909
Validation Accuracy = 0.894

EPOCH 17 ...
Training Accuracy = 0.918
Validation Accuracy = 0.903

EPOCH 18 ...
Training Accuracy = 0.921
Validation Accuracy = 0.903

EPOCH 19 ...
Training Accuracy = 0.918
Validation Accuracy = 0.904

EPOCH 20 ...
Training Accuracy = 0.910
Validation Accuracy = 0.893

Model saved
