Training...

EPOCH 1 ...
Training Accuracy = 0.580
Validation Accuracy = 0.605

EPOCH 2 ...
Training Accuracy = 0.709
Validation Accuracy = 0.721

EPOCH 3 ...
Training Accuracy = 0.770
Validation Accuracy = 0.776

EPOCH 4 ...
Training Accuracy = 0.811
Validation Accuracy = 0.815

EPOCH 5 ...
Training Accuracy = 0.836
Validation Accuracy = 0.838

EPOCH 6 ...
Training Accuracy = 0.852
Validation Accuracy = 0.849

EPOCH 7 ...
Training Accuracy = 0.861
Validation Accuracy = 0.850

EPOCH 8 ...
Training Accuracy = 0.879
Validation Accuracy = 0.864

EPOCH 9 ...
Training Accuracy = 0.883
Validation Accuracy = 0.876

EPOCH 10 ...
Training Accuracy = 0.890
Validation Accuracy = 0.876

EPOCH 11 ...
Training Accuracy = 0.897
Validation Accuracy = 0.881

EPOCH 12 ...
Training Accuracy = 0.901
Validation Accuracy = 0.886

EPOCH 13 ...
Training Accuracy = 0.904
Validation Accuracy = 0.897

EPOCH 14 ...
Training Accuracy = 0.911
Validation Accuracy = 0.891

EPOCH 15 ...
Training Accuracy = 0.909
Validation Accuracy = 0.904

EPOCH 16 ...
Training Accuracy = 0.913
Validation Accuracy = 0.894

EPOCH 17 ...
Training Accuracy = 0.917
Validation Accuracy = 0.902

EPOCH 18 ...
Training Accuracy = 0.921
Validation Accuracy = 0.902

EPOCH 19 ...
Training Accuracy = 0.923
Validation Accuracy = 0.907

EPOCH 20 ...
Training Accuracy = 0.923
Validation Accuracy = 0.904

Model saved
