Training...

EPOCH 1 ...
Training Accuracy = 0.648
Validation Accuracy = 0.657

EPOCH 2 ...
Training Accuracy = 0.766
Validation Accuracy = 0.781

EPOCH 3 ...
Training Accuracy = 0.812
Validation Accuracy = 0.816

EPOCH 4 ...
Training Accuracy = 0.834
Validation Accuracy = 0.844

EPOCH 5 ...
Training Accuracy = 0.852
Validation Accuracy = 0.861

EPOCH 6 ...
Training Accuracy = 0.873
Validation Accuracy = 0.873

EPOCH 7 ...
Training Accuracy = 0.882
Validation Accuracy = 0.882

EPOCH 8 ...
Training Accuracy = 0.888
Validation Accuracy = 0.887

EPOCH 9 ...
Training Accuracy = 0.896
Validation Accuracy = 0.893

EPOCH 10 ...
Training Accuracy = 0.903
Validation Accuracy = 0.904

EPOCH 11 ...
Training Accuracy = 0.905
Validation Accuracy = 0.898

EPOCH 12 ...
Training Accuracy = 0.909
Validation Accuracy = 0.906

EPOCH 13 ...
Training Accuracy = 0.910
Validation Accuracy = 0.919

EPOCH 14 ...
Training Accuracy = 0.915
Validation Accuracy = 0.913

EPOCH 15 ...
Training Accuracy = 0.913
Validation Accuracy = 0.906

EPOCH 16 ...
Training Accuracy = 0.921
Validation Accuracy = 0.914

EPOCH 17 ...
Training Accuracy = 0.925
Validation Accuracy = 0.926

EPOCH 18 ...
Training Accuracy = 0.928
Validation Accuracy = 0.922

EPOCH 19 ...
Training Accuracy = 0.929
Validation Accuracy = 0.925

EPOCH 20 ...
Training Accuracy = 0.926
Validation Accuracy = 0.923

EPOCH 21 ...
Training Accuracy = 0.925
Validation Accuracy = 0.921

EPOCH 22 ...
Training Accuracy = 0.934
Validation Accuracy = 0.931

EPOCH 23 ...
Training Accuracy = 0.929
Validation Accuracy = 0.926

EPOCH 24 ...
Training Accuracy = 0.937
Validation Accuracy = 0.927

EPOCH 25 ...
Training Accuracy = 0.935
Validation Accuracy = 0.923

EPOCH 26 ...
Training Accuracy = 0.933
Validation Accuracy = 0.923

EPOCH 27 ...
Training Accuracy = 0.934
Validation Accuracy = 0.933

EPOCH 28 ...
Training Accuracy = 0.939
Validation Accuracy = 0.935

EPOCH 29 ...
Training Accuracy = 0.937
Validation Accuracy = 0.932

EPOCH 30 ...
Training Accuracy = 0.930
Validation Accuracy = 0.931

EPOCH 31 ...
Training Accuracy = 0.942
Validation Accuracy = 0.927

EPOCH 32 ...
Training Accuracy = 0.935
Validation Accuracy = 0.931

EPOCH 33 ...
Training Accuracy = 0.937
Validation Accuracy = 0.930

EPOCH 34 ...
Training Accuracy = 0.941
Validation Accuracy = 0.934

EPOCH 35 ...
Training Accuracy = 0.937
Validation Accuracy = 0.933

EPOCH 36 ...
Training Accuracy = 0.937
Validation Accuracy = 0.944

EPOCH 37 ...
Training Accuracy = 0.940
Validation Accuracy = 0.935

EPOCH 38 ...
Training Accuracy = 0.938
Validation Accuracy = 0.932

EPOCH 39 ...
Training Accuracy = 0.942
Validation Accuracy = 0.937

EPOCH 40 ...
Training Accuracy = 0.944
Validation Accuracy = 0.937

EPOCH 41 ...
Training Accuracy = 0.941
Validation Accuracy = 0.937

EPOCH 42 ...
Training Accuracy = 0.941
Validation Accuracy = 0.927

EPOCH 43 ...
Training Accuracy = 0.945
Validation Accuracy = 0.937

EPOCH 44 ...
Training Accuracy = 0.947
Validation Accuracy = 0.938

EPOCH 45 ...
Training Accuracy = 0.948
Validation Accuracy = 0.943

EPOCH 46 ...
Training Accuracy = 0.942
Validation Accuracy = 0.935

EPOCH 47 ...
Training Accuracy = 0.948
Validation Accuracy = 0.940

EPOCH 48 ...
Training Accuracy = 0.947
Validation Accuracy = 0.932

EPOCH 49 ...
Training Accuracy = 0.948
Validation Accuracy = 0.935

EPOCH 50 ...
Training Accuracy = 0.948
Validation Accuracy = 0.941

EPOCH 51 ...
Training Accuracy = 0.946
Validation Accuracy = 0.935

EPOCH 52 ...
Training Accuracy = 0.949
Validation Accuracy = 0.939

EPOCH 53 ...
Training Accuracy = 0.945
Validation Accuracy = 0.934

EPOCH 54 ...
Training Accuracy = 0.951
Validation Accuracy = 0.948

EPOCH 55 ...
Training Accuracy = 0.933
Validation Accuracy = 0.932

EPOCH 56 ...
Training Accuracy = 0.950
Validation Accuracy = 0.941

EPOCH 57 ...
Training Accuracy = 0.940
Validation Accuracy = 0.935

EPOCH 58 ...
Training Accuracy = 0.948
Validation Accuracy = 0.942

EPOCH 59 ...
Training Accuracy = 0.948
Validation Accuracy = 0.941

EPOCH 60 ...
Training Accuracy = 0.944
Validation Accuracy = 0.937

EPOCH 61 ...
Training Accuracy = 0.951
Validation Accuracy = 0.944

EPOCH 62 ...
Training Accuracy = 0.939
Validation Accuracy = 0.935

EPOCH 63 ...
Training Accuracy = 0.949
Validation Accuracy = 0.945

EPOCH 64 ...
Training Accuracy = 0.946
Validation Accuracy = 0.940

EPOCH 65 ...
Training Accuracy = 0.953
Validation Accuracy = 0.944

EPOCH 66 ...
Training Accuracy = 0.952
Validation Accuracy = 0.947

EPOCH 67 ...
Training Accuracy = 0.954
Validation Accuracy = 0.943

EPOCH 68 ...
Training Accuracy = 0.955
Validation Accuracy = 0.948

EPOCH 69 ...
Training Accuracy = 0.942
Validation Accuracy = 0.929

EPOCH 70 ...
Training Accuracy = 0.952
Validation Accuracy = 0.941

EPOCH 71 ...
Training Accuracy = 0.949
Validation Accuracy = 0.945

EPOCH 72 ...
Training Accuracy = 0.952
Validation Accuracy = 0.944

EPOCH 73 ...
Training Accuracy = 0.953
Validation Accuracy = 0.949

EPOCH 74 ...
Training Accuracy = 0.951
Validation Accuracy = 0.944

EPOCH 75 ...
Training Accuracy = 0.954
Validation Accuracy = 0.943

EPOCH 76 ...
Training Accuracy = 0.948
Validation Accuracy = 0.940

EPOCH 77 ...
Training Accuracy = 0.952
Validation Accuracy = 0.948

EPOCH 78 ...
Training Accuracy = 0.956
Validation Accuracy = 0.949

EPOCH 79 ...
Training Accuracy = 0.946
Validation Accuracy = 0.940

EPOCH 80 ...
Training Accuracy = 0.956
Validation Accuracy = 0.951

EPOCH 81 ...
Training Accuracy = 0.946
Validation Accuracy = 0.937

EPOCH 82 ...
Training Accuracy = 0.954
Validation Accuracy = 0.945

EPOCH 83 ...
Training Accuracy = 0.956
Validation Accuracy = 0.949

EPOCH 84 ...
Training Accuracy = 0.956
Validation Accuracy = 0.939

EPOCH 85 ...
Training Accuracy = 0.953
Validation Accuracy = 0.948

EPOCH 86 ...
Training Accuracy = 0.948
Validation Accuracy = 0.944

EPOCH 87 ...
Training Accuracy = 0.958
Validation Accuracy = 0.944

EPOCH 88 ...
Training Accuracy = 0.952
Validation Accuracy = 0.942

EPOCH 89 ...
Training Accuracy = 0.947
Validation Accuracy = 0.941

EPOCH 90 ...
Training Accuracy = 0.952
Validation Accuracy = 0.934

EPOCH 91 ...
Training Accuracy = 0.954
Validation Accuracy = 0.946

EPOCH 92 ...
Training Accuracy = 0.948
Validation Accuracy = 0.934

EPOCH 93 ...
Training Accuracy = 0.943
Validation Accuracy = 0.935

EPOCH 94 ...
Training Accuracy = 0.958
Validation Accuracy = 0.944

EPOCH 95 ...
Training Accuracy = 0.952
Validation Accuracy = 0.947

EPOCH 96 ...
Training Accuracy = 0.958
Validation Accuracy = 0.945

EPOCH 97 ...
Training Accuracy = 0.954
Validation Accuracy = 0.945

EPOCH 98 ...
Training Accuracy = 0.954
Validation Accuracy = 0.951

EPOCH 99 ...
Training Accuracy = 0.954
Validation Accuracy = 0.939

EPOCH 100 ...
Training Accuracy = 0.953
Validation Accuracy = 0.937

EPOCH 101 ...
Training Accuracy = 0.950
Validation Accuracy = 0.938

EPOCH 102 ...
Training Accuracy = 0.954
Validation Accuracy = 0.947

EPOCH 103 ...
Training Accuracy = 0.956
Validation Accuracy = 0.943

EPOCH 104 ...
Training Accuracy = 0.954
Validation Accuracy = 0.936

EPOCH 105 ...
Training Accuracy = 0.953
Validation Accuracy = 0.946

EPOCH 106 ...
Training Accuracy = 0.938
Validation Accuracy = 0.929

EPOCH 107 ...
Training Accuracy = 0.949
Validation Accuracy = 0.940

EPOCH 108 ...
Training Accuracy = 0.957
Validation Accuracy = 0.945

EPOCH 109 ...
Training Accuracy = 0.958
Validation Accuracy = 0.944

EPOCH 110 ...
Training Accuracy = 0.955
Validation Accuracy = 0.939

EPOCH 111 ...
Training Accuracy = 0.952
Validation Accuracy = 0.943

EPOCH 112 ...
Training Accuracy = 0.957
Validation Accuracy = 0.941

EPOCH 113 ...
Training Accuracy = 0.954
Validation Accuracy = 0.942

EPOCH 114 ...
Training Accuracy = 0.961
Validation Accuracy = 0.953

EPOCH 115 ...
Training Accuracy = 0.958
Validation Accuracy = 0.950

EPOCH 116 ...
Training Accuracy = 0.956
Validation Accuracy = 0.944

EPOCH 117 ...
Training Accuracy = 0.959
Validation Accuracy = 0.947

EPOCH 118 ...
Training Accuracy = 0.958
Validation Accuracy = 0.944

EPOCH 119 ...
Training Accuracy = 0.961
Validation Accuracy = 0.950

EPOCH 120 ...
Training Accuracy = 0.957
Validation Accuracy = 0.941

EPOCH 121 ...
Training Accuracy = 0.956
Validation Accuracy = 0.939

EPOCH 122 ...
Training Accuracy = 0.954
Validation Accuracy = 0.944

EPOCH 123 ...
Training Accuracy = 0.958
Validation Accuracy = 0.946

EPOCH 124 ...
Training Accuracy = 0.958
Validation Accuracy = 0.954

EPOCH 125 ...
Training Accuracy = 0.959
Validation Accuracy = 0.947

EPOCH 126 ...
Training Accuracy = 0.960
Validation Accuracy = 0.948

EPOCH 127 ...
Training Accuracy = 0.958
Validation Accuracy = 0.945

EPOCH 128 ...
Training Accuracy = 0.957
Validation Accuracy = 0.943

EPOCH 129 ...
Training Accuracy = 0.957
Validation Accuracy = 0.943

EPOCH 130 ...
Training Accuracy = 0.958
Validation Accuracy = 0.942

EPOCH 131 ...
Training Accuracy = 0.954
Validation Accuracy = 0.940

EPOCH 132 ...
Training Accuracy = 0.959
Validation Accuracy = 0.950

EPOCH 133 ...
Training Accuracy = 0.961
Validation Accuracy = 0.951

EPOCH 134 ...
Training Accuracy = 0.958
Validation Accuracy = 0.949

EPOCH 135 ...
Training Accuracy = 0.944
Validation Accuracy = 0.922

EPOCH 136 ...
Training Accuracy = 0.953
Validation Accuracy = 0.946

EPOCH 137 ...
Training Accuracy = 0.960
Validation Accuracy = 0.943

EPOCH 138 ...
Training Accuracy = 0.951
Validation Accuracy = 0.937

EPOCH 139 ...
Training Accuracy = 0.954
Validation Accuracy = 0.944

EPOCH 140 ...
Training Accuracy = 0.957
Validation Accuracy = 0.941

EPOCH 141 ...
Training Accuracy = 0.958
Validation Accuracy = 0.945

EPOCH 142 ...
Training Accuracy = 0.958
Validation Accuracy = 0.941

EPOCH 143 ...
Training Accuracy = 0.958
Validation Accuracy = 0.946

EPOCH 144 ...
Training Accuracy = 0.960
Validation Accuracy = 0.945

EPOCH 145 ...
Training Accuracy = 0.956
Validation Accuracy = 0.944

EPOCH 146 ...
Training Accuracy = 0.959
Validation Accuracy = 0.946

EPOCH 147 ...
Training Accuracy = 0.956
Validation Accuracy = 0.943

EPOCH 148 ...
Training Accuracy = 0.954
Validation Accuracy = 0.945

EPOCH 149 ...
Training Accuracy = 0.963
Validation Accuracy = 0.949

EPOCH 150 ...
Training Accuracy = 0.957
Validation Accuracy = 0.941

EPOCH 151 ...
Training Accuracy = 0.957
Validation Accuracy = 0.939

EPOCH 152 ...
Training Accuracy = 0.954
Validation Accuracy = 0.943

EPOCH 153 ...
Training Accuracy = 0.957
Validation Accuracy = 0.946

EPOCH 154 ...
Training Accuracy = 0.956
Validation Accuracy = 0.947

EPOCH 155 ...
Training Accuracy = 0.955
Validation Accuracy = 0.946

EPOCH 156 ...
Training Accuracy = 0.951
Validation Accuracy = 0.943

EPOCH 157 ...
Training Accuracy = 0.960
Validation Accuracy = 0.940

EPOCH 158 ...
Training Accuracy = 0.960
Validation Accuracy = 0.949

EPOCH 159 ...
Training Accuracy = 0.957
Validation Accuracy = 0.944

EPOCH 160 ...
Training Accuracy = 0.962
Validation Accuracy = 0.951

Model saved
