Training...

EPOCH 1 ...
Training Accuracy = 0.439
Validation Accuracy = 0.451

EPOCH 2 ...
Training Accuracy = 0.462
Validation Accuracy = 0.499

EPOCH 3 ...
Training Accuracy = 0.467
Validation Accuracy = 0.480

EPOCH 4 ...
Training Accuracy = 0.441
Validation Accuracy = 0.438

EPOCH 5 ...
Training Accuracy = 0.485
Validation Accuracy = 0.498

EPOCH 6 ...
Training Accuracy = 0.500
Validation Accuracy = 0.513

EPOCH 7 ...
Training Accuracy = 0.471
Validation Accuracy = 0.490

EPOCH 8 ...
Training Accuracy = 0.401
Validation Accuracy = 0.400

EPOCH 9 ...
Training Accuracy = 0.419
Validation Accuracy = 0.395

EPOCH 10 ...
Training Accuracy = 0.272
Validation Accuracy = 0.273

EPOCH 11 ...
Training Accuracy = 0.437
Validation Accuracy = 0.463

EPOCH 12 ...
Training Accuracy = 0.338
Validation Accuracy = 0.357

EPOCH 13 ...
Training Accuracy = 0.418
Validation Accuracy = 0.436

EPOCH 14 ...
Training Accuracy = 0.446
Validation Accuracy = 0.463

EPOCH 15 ...
Training Accuracy = 0.437
Validation Accuracy = 0.445

EPOCH 16 ...
Training Accuracy = 0.407
Validation Accuracy = 0.425

EPOCH 17 ...
Training Accuracy = 0.415
Validation Accuracy = 0.424

EPOCH 18 ...
Training Accuracy = 0.407
Validation Accuracy = 0.412

EPOCH 19 ...
Training Accuracy = 0.444
Validation Accuracy = 0.464

EPOCH 20 ...
Training Accuracy = 0.433
Validation Accuracy = 0.455

Model saved
