Training...

EPOCH 1 ...
Training Accuracy = 0.661
Validation Accuracy = 0.676

EPOCH 2 ...
Training Accuracy = 0.762
Validation Accuracy = 0.758

EPOCH 3 ...
Training Accuracy = 0.807
Validation Accuracy = 0.802

EPOCH 4 ...
Training Accuracy = 0.848
Validation Accuracy = 0.842

EPOCH 5 ...
Training Accuracy = 0.863
Validation Accuracy = 0.859

EPOCH 6 ...
Training Accuracy = 0.877
Validation Accuracy = 0.877

EPOCH 7 ...
Training Accuracy = 0.893
Validation Accuracy = 0.891

EPOCH 8 ...
Training Accuracy = 0.894
Validation Accuracy = 0.882

EPOCH 9 ...
Training Accuracy = 0.905
Validation Accuracy = 0.901

EPOCH 10 ...
Training Accuracy = 0.909
Validation Accuracy = 0.905

EPOCH 11 ...
Training Accuracy = 0.914
Validation Accuracy = 0.910

EPOCH 12 ...
Training Accuracy = 0.915
Validation Accuracy = 0.899

EPOCH 13 ...
Training Accuracy = 0.920
Validation Accuracy = 0.915

EPOCH 14 ...
Training Accuracy = 0.924
Validation Accuracy = 0.912

EPOCH 15 ...
Training Accuracy = 0.922
Validation Accuracy = 0.918

EPOCH 16 ...
Training Accuracy = 0.925
Validation Accuracy = 0.908

EPOCH 17 ...
Training Accuracy = 0.931
Validation Accuracy = 0.917

EPOCH 18 ...
Training Accuracy = 0.925
Validation Accuracy = 0.911

EPOCH 19 ...
Training Accuracy = 0.929
Validation Accuracy = 0.922

EPOCH 20 ...
Training Accuracy = 0.932
Validation Accuracy = 0.928

Model saved
