Training...

EPOCH   1/160: train_acc=0.844, valid_acc=0.802, LR=0.00100000, global_step=0
EPOCH   2/160: train_acc=0.905, valid_acc=0.863, LR=0.00100000, global_step=2016
EPOCH   3/160: train_acc=0.935, valid_acc=0.898, LR=0.00100000, global_step=4032
EPOCH   4/160: train_acc=0.940, valid_acc=0.902, LR=0.00100000, global_step=6048
EPOCH   5/160: train_acc=0.955, valid_acc=0.922, LR=0.00100000, global_step=8064
EPOCH   6/160: train_acc=0.962, valid_acc=0.921, LR=0.00100000, global_step=10080
EPOCH   7/160: train_acc=0.966, valid_acc=0.921, LR=0.00100000, global_step=12096
EPOCH   8/160: train_acc=0.968, valid_acc=0.933, LR=0.00100000, global_step=14112
EPOCH   9/160: train_acc=0.969, valid_acc=0.925, LR=0.00100000, global_step=16128
EPOCH  10/160: train_acc=0.972, valid_acc=0.932, LR=0.00100000, global_step=18144
EPOCH  11/160: train_acc=0.976, valid_acc=0.938, LR=0.00050000, global_step=20160
EPOCH  12/160: train_acc=0.980, valid_acc=0.946, LR=0.00050000, global_step=22176
EPOCH  13/160: train_acc=0.983, valid_acc=0.944, LR=0.00050000, global_step=24192
EPOCH  14/160: train_acc=0.980, valid_acc=0.941, LR=0.00050000, global_step=26208
EPOCH  15/160: train_acc=0.981, valid_acc=0.941, LR=0.00050000, global_step=28224
EPOCH  16/160: train_acc=0.983, valid_acc=0.940, LR=0.00050000, global_step=30240
EPOCH  17/160: train_acc=0.984, valid_acc=0.943, LR=0.00050000, global_step=32256
EPOCH  18/160: train_acc=0.984, valid_acc=0.948, LR=0.00050000, global_step=34272
EPOCH  19/160: train_acc=0.985, valid_acc=0.945, LR=0.00050000, global_step=36288
EPOCH  20/160: train_acc=0.986, valid_acc=0.951, LR=0.00050000, global_step=38304
EPOCH  21/160: train_acc=0.988, valid_acc=0.950, LR=0.00025000, global_step=40320
EPOCH  22/160: train_acc=0.988, valid_acc=0.957, LR=0.00025000, global_step=42336
EPOCH  23/160: train_acc=0.988, valid_acc=0.951, LR=0.00025000, global_step=44352
EPOCH  24/160: train_acc=0.989, valid_acc=0.951, LR=0.00025000, global_step=46368
EPOCH  25/160: train_acc=0.989, valid_acc=0.952, LR=0.00025000, global_step=48384
EPOCH  26/160: train_acc=0.989, valid_acc=0.954, LR=0.00025000, global_step=50400
EPOCH  27/160: train_acc=0.990, valid_acc=0.953, LR=0.00025000, global_step=52416
EPOCH  28/160: train_acc=0.989, valid_acc=0.942, LR=0.00025000, global_step=54432
EPOCH  29/160: train_acc=0.990, valid_acc=0.954, LR=0.00025000, global_step=56448
EPOCH  30/160: train_acc=0.990, valid_acc=0.956, LR=0.00025000, global_step=58464
EPOCH  31/160: train_acc=0.992, valid_acc=0.958, LR=0.00012500, global_step=60480
EPOCH  32/160: train_acc=0.992, valid_acc=0.951, LR=0.00012500, global_step=62496
EPOCH  33/160: train_acc=0.992, valid_acc=0.954, LR=0.00012500, global_step=64512
EPOCH  34/160: train_acc=0.992, valid_acc=0.954, LR=0.00012500, global_step=66528
EPOCH  35/160: train_acc=0.992, valid_acc=0.951, LR=0.00012500, global_step=68544
EPOCH  36/160: train_acc=0.992, valid_acc=0.958, LR=0.00012500, global_step=70560
EPOCH  37/160: train_acc=0.992, valid_acc=0.957, LR=0.00012500, global_step=72576
EPOCH  38/160: train_acc=0.992, valid_acc=0.957, LR=0.00012500, global_step=74592
EPOCH  39/160: train_acc=0.993, valid_acc=0.952, LR=0.00012500, global_step=76608
EPOCH  40/160: train_acc=0.993, valid_acc=0.956, LR=0.00012500, global_step=78624
EPOCH  41/160: train_acc=0.993, valid_acc=0.956, LR=0.00006250, global_step=80640
EPOCH  42/160: train_acc=0.993, valid_acc=0.954, LR=0.00006250, global_step=82656
EPOCH  43/160: train_acc=0.993, valid_acc=0.954, LR=0.00006250, global_step=84672
EPOCH  44/160: train_acc=0.993, valid_acc=0.959, LR=0.00006250, global_step=86688
EPOCH  45/160: train_acc=0.993, valid_acc=0.954, LR=0.00006250, global_step=88704
EPOCH  46/160: train_acc=0.993, valid_acc=0.953, LR=0.00006250, global_step=90720
EPOCH  47/160: train_acc=0.993, valid_acc=0.956, LR=0.00006250, global_step=92736
EPOCH  48/160: train_acc=0.993, valid_acc=0.955, LR=0.00006250, global_step=94752
EPOCH  49/160: train_acc=0.993, valid_acc=0.956, LR=0.00006250, global_step=96768
EPOCH  50/160: train_acc=0.994, valid_acc=0.959, LR=0.00006250, global_step=98784
EPOCH  51/160: train_acc=0.994, valid_acc=0.959, LR=0.00003125, global_step=100800
EPOCH  52/160: train_acc=0.994, valid_acc=0.956, LR=0.00003125, global_step=102816
EPOCH  53/160: train_acc=0.994, valid_acc=0.955, LR=0.00003125, global_step=104832
EPOCH  54/160: train_acc=0.994, valid_acc=0.956, LR=0.00003125, global_step=106848
EPOCH  55/160: train_acc=0.994, valid_acc=0.958, LR=0.00003125, global_step=108864
EPOCH  56/160: train_acc=0.994, valid_acc=0.959, LR=0.00003125, global_step=110880
EPOCH  57/160: train_acc=0.994, valid_acc=0.957, LR=0.00003125, global_step=112896
EPOCH  58/160: train_acc=0.994, valid_acc=0.954, LR=0.00003125, global_step=114912
EPOCH  59/160: train_acc=0.994, valid_acc=0.958, LR=0.00003125, global_step=116928
EPOCH  60/160: train_acc=0.994, valid_acc=0.958, LR=0.00003125, global_step=118944
EPOCH  61/160: train_acc=0.994, valid_acc=0.957, LR=0.00001563, global_step=120960
EPOCH  62/160: train_acc=0.994, valid_acc=0.956, LR=0.00001563, global_step=122976
EPOCH  63/160: train_acc=0.994, valid_acc=0.958, LR=0.00001563, global_step=124992
EPOCH  64/160: train_acc=0.994, valid_acc=0.962, LR=0.00001563, global_step=127008
EPOCH  65/160: train_acc=0.994, valid_acc=0.959, LR=0.00001563, global_step=129024
EPOCH  66/160: train_acc=0.993, valid_acc=0.958, LR=0.00001563, global_step=131040
EPOCH  67/160: train_acc=0.994, valid_acc=0.956, LR=0.00001563, global_step=133056
EPOCH  68/160: train_acc=0.994, valid_acc=0.959, LR=0.00001563, global_step=135072
EPOCH  69/160: train_acc=0.994, valid_acc=0.960, LR=0.00001563, global_step=137088
EPOCH  70/160: train_acc=0.994, valid_acc=0.957, LR=0.00001563, global_step=139104
EPOCH  71/160: train_acc=0.994, valid_acc=0.958, LR=0.00000781, global_step=141120
EPOCH  72/160: train_acc=0.994, valid_acc=0.956, LR=0.00000781, global_step=143136
EPOCH  73/160: train_acc=0.994, valid_acc=0.958, LR=0.00000781, global_step=145152
EPOCH  74/160: train_acc=0.994, valid_acc=0.957, LR=0.00000781, global_step=147168
EPOCH  75/160: train_acc=0.994, valid_acc=0.955, LR=0.00000781, global_step=149184
EPOCH  76/160: train_acc=0.994, valid_acc=0.957, LR=0.00000781, global_step=151200
EPOCH  77/160: train_acc=0.994, valid_acc=0.959, LR=0.00000781, global_step=153216
EPOCH  78/160: train_acc=0.994, valid_acc=0.959, LR=0.00000781, global_step=155232
EPOCH  79/160: train_acc=0.994, valid_acc=0.957, LR=0.00000781, global_step=157248
EPOCH  80/160: train_acc=0.994, valid_acc=0.962, LR=0.00000781, global_step=159264
EPOCH  81/160: train_acc=0.994, valid_acc=0.958, LR=0.00000391, global_step=161280
EPOCH  82/160: train_acc=0.994, valid_acc=0.960, LR=0.00000391, global_step=163296
EPOCH  83/160: train_acc=0.994, valid_acc=0.957, LR=0.00000391, global_step=165312
EPOCH  84/160: train_acc=0.994, valid_acc=0.961, LR=0.00000391, global_step=167328
EPOCH  85/160: train_acc=0.994, valid_acc=0.960, LR=0.00000391, global_step=169344
EPOCH  86/160: train_acc=0.994, valid_acc=0.958, LR=0.00000391, global_step=171360
EPOCH  87/160: train_acc=0.994, valid_acc=0.962, LR=0.00000391, global_step=173376
EPOCH  88/160: train_acc=0.994, valid_acc=0.961, LR=0.00000391, global_step=175392
EPOCH  89/160: train_acc=0.995, valid_acc=0.957, LR=0.00000391, global_step=177408
EPOCH  90/160: train_acc=0.994, valid_acc=0.963, LR=0.00000391, global_step=179424
EPOCH  91/160: train_acc=0.994, valid_acc=0.958, LR=0.00000195, global_step=181440
EPOCH  92/160: train_acc=0.994, valid_acc=0.960, LR=0.00000195, global_step=183456
EPOCH  93/160: train_acc=0.994, valid_acc=0.957, LR=0.00000195, global_step=185472
EPOCH  94/160: train_acc=0.994, valid_acc=0.959, LR=0.00000195, global_step=187488
EPOCH  95/160: train_acc=0.994, valid_acc=0.959, LR=0.00000195, global_step=189504
EPOCH  96/160: train_acc=0.994, valid_acc=0.959, LR=0.00000195, global_step=191520
EPOCH  97/160: train_acc=0.995, valid_acc=0.958, LR=0.00000195, global_step=193536
EPOCH  98/160: train_acc=0.994, valid_acc=0.959, LR=0.00000195, global_step=195552
EPOCH  99/160: train_acc=0.994, valid_acc=0.955, LR=0.00000195, global_step=197568
EPOCH 100/160: train_acc=0.994, valid_acc=0.959, LR=0.00000195, global_step=199584
EPOCH 101/160: train_acc=0.994, valid_acc=0.959, LR=0.00000098, global_step=201600
EPOCH 102/160: train_acc=0.994, valid_acc=0.964, LR=0.00000098, global_step=203616
EPOCH 103/160: train_acc=0.994, valid_acc=0.956, LR=0.00000098, global_step=205632
EPOCH 104/160: train_acc=0.995, valid_acc=0.961, LR=0.00000098, global_step=207648
EPOCH 105/160: train_acc=0.994, valid_acc=0.961, LR=0.00000098, global_step=209664
EPOCH 106/160: train_acc=0.994, valid_acc=0.958, LR=0.00000098, global_step=211680
EPOCH 107/160: train_acc=0.995, valid_acc=0.958, LR=0.00000098, global_step=213696
EPOCH 108/160: train_acc=0.994, valid_acc=0.958, LR=0.00000098, global_step=215712
EPOCH 109/160: train_acc=0.994, valid_acc=0.960, LR=0.00000098, global_step=217728
EPOCH 110/160: train_acc=0.994, valid_acc=0.959, LR=0.00000098, global_step=219744
EPOCH 111/160: train_acc=0.994, valid_acc=0.956, LR=0.00000049, global_step=221760
EPOCH 112/160: train_acc=0.994, valid_acc=0.959, LR=0.00000049, global_step=223776
EPOCH 113/160: train_acc=0.994, valid_acc=0.958, LR=0.00000049, global_step=225792
EPOCH 114/160: train_acc=0.994, valid_acc=0.957, LR=0.00000049, global_step=227808
EPOCH 115/160: train_acc=0.994, valid_acc=0.962, LR=0.00000049, global_step=229824
EPOCH 116/160: train_acc=0.994, valid_acc=0.957, LR=0.00000049, global_step=231840
EPOCH 117/160: train_acc=0.994, valid_acc=0.955, LR=0.00000049, global_step=233856
EPOCH 118/160: train_acc=0.994, valid_acc=0.957, LR=0.00000049, global_step=235872
EPOCH 119/160: train_acc=0.994, valid_acc=0.963, LR=0.00000049, global_step=237888
EPOCH 120/160: train_acc=0.994, valid_acc=0.959, LR=0.00000049, global_step=239904
EPOCH 121/160: train_acc=0.994, valid_acc=0.957, LR=0.00000024, global_step=241920
EPOCH 122/160: train_acc=0.994, valid_acc=0.960, LR=0.00000024, global_step=243936
EPOCH 123/160: train_acc=0.994, valid_acc=0.958, LR=0.00000024, global_step=245952
EPOCH 124/160: train_acc=0.995, valid_acc=0.958, LR=0.00000024, global_step=247968
EPOCH 125/160: train_acc=0.994, valid_acc=0.958, LR=0.00000024, global_step=249984
EPOCH 126/160: train_acc=0.994, valid_acc=0.960, LR=0.00000024, global_step=252000
EPOCH 127/160: train_acc=0.994, valid_acc=0.961, LR=0.00000024, global_step=254016
EPOCH 128/160: train_acc=0.994, valid_acc=0.956, LR=0.00000024, global_step=256032
EPOCH 129/160: train_acc=0.994, valid_acc=0.956, LR=0.00000024, global_step=258048
EPOCH 130/160: train_acc=0.994, valid_acc=0.958, LR=0.00000024, global_step=260064
EPOCH 131/160: train_acc=0.994, valid_acc=0.960, LR=0.00000012, global_step=262080
EPOCH 132/160: train_acc=0.994, valid_acc=0.959, LR=0.00000012, global_step=264096
EPOCH 133/160: train_acc=0.994, valid_acc=0.957, LR=0.00000012, global_step=266112
EPOCH 134/160: train_acc=0.995, valid_acc=0.960, LR=0.00000012, global_step=268128
EPOCH 135/160: train_acc=0.994, valid_acc=0.958, LR=0.00000012, global_step=270144
EPOCH 136/160: train_acc=0.994, valid_acc=0.960, LR=0.00000012, global_step=272160
EPOCH 137/160: train_acc=0.994, valid_acc=0.957, LR=0.00000012, global_step=274176
EPOCH 138/160: train_acc=0.994, valid_acc=0.958, LR=0.00000012, global_step=276192
EPOCH 139/160: train_acc=0.994, valid_acc=0.957, LR=0.00000012, global_step=278208
EPOCH 140/160: train_acc=0.994, valid_acc=0.956, LR=0.00000012, global_step=280224
EPOCH 141/160: train_acc=0.994, valid_acc=0.958, LR=0.00000006, global_step=282240
EPOCH 142/160: train_acc=0.994, valid_acc=0.959, LR=0.00000006, global_step=284256
EPOCH 143/160: train_acc=0.994, valid_acc=0.961, LR=0.00000006, global_step=286272
EPOCH 144/160: train_acc=0.994, valid_acc=0.957, LR=0.00000006, global_step=288288
EPOCH 145/160: train_acc=0.995, valid_acc=0.961, LR=0.00000006, global_step=290304
EPOCH 146/160: train_acc=0.995, valid_acc=0.959, LR=0.00000006, global_step=292320
EPOCH 147/160: train_acc=0.994, valid_acc=0.955, LR=0.00000006, global_step=294336
EPOCH 148/160: train_acc=0.994, valid_acc=0.959, LR=0.00000006, global_step=296352
EPOCH 149/160: train_acc=0.994, valid_acc=0.961, LR=0.00000006, global_step=298368
EPOCH 150/160: train_acc=0.994, valid_acc=0.956, LR=0.00000006, global_step=300384
EPOCH 151/160: train_acc=0.994, valid_acc=0.960, LR=0.00000003, global_step=302400
EPOCH 152/160: train_acc=0.994, valid_acc=0.959, LR=0.00000003, global_step=304416
EPOCH 153/160: train_acc=0.995, valid_acc=0.959, LR=0.00000003, global_step=306432
EPOCH 154/160: train_acc=0.994, valid_acc=0.956, LR=0.00000003, global_step=308448
EPOCH 155/160: train_acc=0.994, valid_acc=0.958, LR=0.00000003, global_step=310464
EPOCH 156/160: train_acc=0.994, valid_acc=0.957, LR=0.00000003, global_step=312480
EPOCH 157/160: train_acc=0.994, valid_acc=0.955, LR=0.00000003, global_step=314496
EPOCH 158/160: train_acc=0.994, valid_acc=0.959, LR=0.00000003, global_step=316512
EPOCH 159/160: train_acc=0.994, valid_acc=0.958, LR=0.00000003, global_step=318528
EPOCH 160/160: train_acc=0.995, valid_acc=0.958, LR=0.00000003, global_step=320544

Model saved

Best train accuracy=0.995 at epoch=104
Best valid accuracy=0.964 at epoch=102
