Training...

EPOCH   1/100: train_acc=0.844, valid_acc=0.811, LR=0.00100000, global_step=0
EPOCH   2/100: train_acc=0.924, valid_acc=0.875, LR=0.00100000, global_step=504
EPOCH   3/100: train_acc=0.949, valid_acc=0.900, LR=0.00100000, global_step=1008
EPOCH   4/100: train_acc=0.958, valid_acc=0.910, LR=0.00100000, global_step=1512
EPOCH   5/100: train_acc=0.970, valid_acc=0.913, LR=0.00100000, global_step=2016
EPOCH   6/100: train_acc=0.971, valid_acc=0.917, LR=0.00100000, global_step=2520
EPOCH   7/100: train_acc=0.978, valid_acc=0.929, LR=0.00100000, global_step=3024
EPOCH   8/100: train_acc=0.979, valid_acc=0.926, LR=0.00100000, global_step=3528
EPOCH   9/100: train_acc=0.982, valid_acc=0.927, LR=0.00100000, global_step=4032
EPOCH  10/100: train_acc=0.986, valid_acc=0.937, LR=0.00100000, global_step=4536
EPOCH  11/100: train_acc=0.990, valid_acc=0.946, LR=0.00050000, global_step=5040
EPOCH  12/100: train_acc=0.991, valid_acc=0.939, LR=0.00050000, global_step=5544
EPOCH  13/100: train_acc=0.992, valid_acc=0.943, LR=0.00050000, global_step=6048
EPOCH  14/100: train_acc=0.991, valid_acc=0.942, LR=0.00050000, global_step=6552
EPOCH  15/100: train_acc=0.992, valid_acc=0.941, LR=0.00050000, global_step=7056
EPOCH  16/100: train_acc=0.993, valid_acc=0.944, LR=0.00050000, global_step=7560
EPOCH  17/100: train_acc=0.993, valid_acc=0.941, LR=0.00050000, global_step=8064
EPOCH  18/100: train_acc=0.993, valid_acc=0.947, LR=0.00050000, global_step=8568
EPOCH  19/100: train_acc=0.993, valid_acc=0.946, LR=0.00050000, global_step=9072
EPOCH  20/100: train_acc=0.994, valid_acc=0.946, LR=0.00050000, global_step=9576
EPOCH  21/100: train_acc=0.996, valid_acc=0.944, LR=0.00025000, global_step=10080
EPOCH  22/100: train_acc=0.996, valid_acc=0.945, LR=0.00025000, global_step=10584
EPOCH  23/100: train_acc=0.996, valid_acc=0.947, LR=0.00025000, global_step=11088
EPOCH  24/100: train_acc=0.996, valid_acc=0.949, LR=0.00025000, global_step=11592
EPOCH  25/100: train_acc=0.997, valid_acc=0.949, LR=0.00025000, global_step=12096
EPOCH  26/100: train_acc=0.996, valid_acc=0.947, LR=0.00025000, global_step=12600
EPOCH  27/100: train_acc=0.997, valid_acc=0.948, LR=0.00025000, global_step=13104
EPOCH  28/100: train_acc=0.997, valid_acc=0.948, LR=0.00025000, global_step=13608
EPOCH  29/100: train_acc=0.997, valid_acc=0.949, LR=0.00025000, global_step=14112
EPOCH  30/100: train_acc=0.997, valid_acc=0.951, LR=0.00025000, global_step=14616
EPOCH  31/100: train_acc=0.997, valid_acc=0.947, LR=0.00012500, global_step=15120
EPOCH  32/100: train_acc=0.998, valid_acc=0.949, LR=0.00012500, global_step=15624
EPOCH  33/100: train_acc=0.998, valid_acc=0.952, LR=0.00012500, global_step=16128
EPOCH  34/100: train_acc=0.998, valid_acc=0.950, LR=0.00012500, global_step=16632
EPOCH  35/100: train_acc=0.998, valid_acc=0.946, LR=0.00012500, global_step=17136
EPOCH  36/100: train_acc=0.998, valid_acc=0.955, LR=0.00012500, global_step=17640
EPOCH  37/100: train_acc=0.998, valid_acc=0.955, LR=0.00012500, global_step=18144
EPOCH  38/100: train_acc=0.998, valid_acc=0.950, LR=0.00012500, global_step=18648
EPOCH  39/100: train_acc=0.998, valid_acc=0.953, LR=0.00012500, global_step=19152
EPOCH  40/100: train_acc=0.998, valid_acc=0.951, LR=0.00012500, global_step=19656
EPOCH  41/100: train_acc=0.999, valid_acc=0.952, LR=0.00006250, global_step=20160
EPOCH  42/100: train_acc=0.998, valid_acc=0.951, LR=0.00006250, global_step=20664
EPOCH  43/100: train_acc=0.998, valid_acc=0.949, LR=0.00006250, global_step=21168
EPOCH  44/100: train_acc=0.999, valid_acc=0.951, LR=0.00006250, global_step=21672
EPOCH  45/100: train_acc=0.998, valid_acc=0.947, LR=0.00006250, global_step=22176
EPOCH  46/100: train_acc=0.999, valid_acc=0.954, LR=0.00006250, global_step=22680
EPOCH  47/100: train_acc=0.999, valid_acc=0.951, LR=0.00006250, global_step=23184
EPOCH  48/100: train_acc=0.999, valid_acc=0.955, LR=0.00006250, global_step=23688
EPOCH  49/100: train_acc=0.999, valid_acc=0.951, LR=0.00006250, global_step=24192
EPOCH  50/100: train_acc=0.999, valid_acc=0.953, LR=0.00006250, global_step=24696
EPOCH  51/100: train_acc=0.999, valid_acc=0.951, LR=0.00003125, global_step=25200
EPOCH  52/100: train_acc=0.999, valid_acc=0.952, LR=0.00003125, global_step=25704
EPOCH  53/100: train_acc=0.999, valid_acc=0.953, LR=0.00003125, global_step=26208
EPOCH  54/100: train_acc=0.999, valid_acc=0.951, LR=0.00003125, global_step=26712
EPOCH  55/100: train_acc=0.999, valid_acc=0.951, LR=0.00003125, global_step=27216
EPOCH  56/100: train_acc=0.999, valid_acc=0.952, LR=0.00003125, global_step=27720
EPOCH  57/100: train_acc=0.999, valid_acc=0.954, LR=0.00003125, global_step=28224
EPOCH  58/100: train_acc=0.999, valid_acc=0.954, LR=0.00003125, global_step=28728
EPOCH  59/100: train_acc=0.999, valid_acc=0.951, LR=0.00003125, global_step=29232
EPOCH  60/100: train_acc=0.999, valid_acc=0.949, LR=0.00003125, global_step=29736
EPOCH  61/100: train_acc=0.999, valid_acc=0.952, LR=0.00001563, global_step=30240
EPOCH  62/100: train_acc=0.999, valid_acc=0.953, LR=0.00001563, global_step=30744
EPOCH  63/100: train_acc=0.999, valid_acc=0.956, LR=0.00001563, global_step=31248
EPOCH  64/100: train_acc=0.999, valid_acc=0.954, LR=0.00001563, global_step=31752
EPOCH  65/100: train_acc=0.999, valid_acc=0.953, LR=0.00001563, global_step=32256
EPOCH  66/100: train_acc=0.999, valid_acc=0.952, LR=0.00001563, global_step=32760
EPOCH  67/100: train_acc=0.999, valid_acc=0.954, LR=0.00001563, global_step=33264
EPOCH  68/100: train_acc=0.999, valid_acc=0.957, LR=0.00001563, global_step=33768
EPOCH  69/100: train_acc=0.999, valid_acc=0.951, LR=0.00001563, global_step=34272
EPOCH  70/100: train_acc=0.999, valid_acc=0.952, LR=0.00001563, global_step=34776
EPOCH  71/100: train_acc=0.999, valid_acc=0.951, LR=0.00000781, global_step=35280
EPOCH  72/100: train_acc=0.999, valid_acc=0.952, LR=0.00000781, global_step=35784
EPOCH  73/100: train_acc=0.999, valid_acc=0.953, LR=0.00000781, global_step=36288
EPOCH  74/100: train_acc=0.999, valid_acc=0.951, LR=0.00000781, global_step=36792
EPOCH  75/100: train_acc=0.999, valid_acc=0.956, LR=0.00000781, global_step=37296
EPOCH  76/100: train_acc=0.999, valid_acc=0.956, LR=0.00000781, global_step=37800
EPOCH  77/100: train_acc=0.999, valid_acc=0.951, LR=0.00000781, global_step=38304
EPOCH  78/100: train_acc=0.999, valid_acc=0.958, LR=0.00000781, global_step=38808
EPOCH  79/100: train_acc=0.999, valid_acc=0.956, LR=0.00000781, global_step=39312
EPOCH  80/100: train_acc=0.999, valid_acc=0.950, LR=0.00000781, global_step=39816
EPOCH  81/100: train_acc=0.999, valid_acc=0.951, LR=0.00000391, global_step=40320
EPOCH  82/100: train_acc=0.999, valid_acc=0.952, LR=0.00000391, global_step=40824
EPOCH  83/100: train_acc=0.999, valid_acc=0.956, LR=0.00000391, global_step=41328
EPOCH  84/100: train_acc=0.999, valid_acc=0.951, LR=0.00000391, global_step=41832
EPOCH  85/100: train_acc=0.999, valid_acc=0.952, LR=0.00000391, global_step=42336
EPOCH  86/100: train_acc=0.999, valid_acc=0.955, LR=0.00000391, global_step=42840
EPOCH  87/100: train_acc=0.999, valid_acc=0.953, LR=0.00000391, global_step=43344
EPOCH  88/100: train_acc=0.999, valid_acc=0.952, LR=0.00000391, global_step=43848
EPOCH  89/100: train_acc=0.999, valid_acc=0.952, LR=0.00000391, global_step=44352
EPOCH  90/100: train_acc=0.999, valid_acc=0.955, LR=0.00000391, global_step=44856
EPOCH  91/100: train_acc=0.999, valid_acc=0.953, LR=0.00000195, global_step=45360
EPOCH  92/100: train_acc=0.999, valid_acc=0.955, LR=0.00000195, global_step=45864
EPOCH  93/100: train_acc=0.999, valid_acc=0.956, LR=0.00000195, global_step=46368
EPOCH  94/100: train_acc=0.999, valid_acc=0.954, LR=0.00000195, global_step=46872
EPOCH  95/100: train_acc=0.999, valid_acc=0.953, LR=0.00000195, global_step=47376
EPOCH  96/100: train_acc=0.999, valid_acc=0.956, LR=0.00000195, global_step=47880
EPOCH  97/100: train_acc=0.999, valid_acc=0.956, LR=0.00000195, global_step=48384
EPOCH  98/100: train_acc=0.999, valid_acc=0.952, LR=0.00000195, global_step=48888
EPOCH  99/100: train_acc=0.999, valid_acc=0.958, LR=0.00000195, global_step=49392
EPOCH 100/100: train_acc=0.999, valid_acc=0.957, LR=0.00000195, global_step=49896

Model saved

Best train accuracy=0.999 at epoch=82
Best valid accuracy=0.958 at epoch=99
