Training...

EPOCH 1 ...
Training Accuracy = 0.637
Validation Accuracy = 0.657

EPOCH 2 ...
Training Accuracy = 0.749
Validation Accuracy = 0.771

EPOCH 3 ...
Training Accuracy = 0.802
Validation Accuracy = 0.822

EPOCH 4 ...
Training Accuracy = 0.833
Validation Accuracy = 0.836

EPOCH 5 ...
Training Accuracy = 0.855
Validation Accuracy = 0.870

EPOCH 6 ...
Training Accuracy = 0.866
Validation Accuracy = 0.874

EPOCH 7 ...
Training Accuracy = 0.881
Validation Accuracy = 0.887

EPOCH 8 ...
Training Accuracy = 0.889
Validation Accuracy = 0.895

EPOCH 9 ...
Training Accuracy = 0.894
Validation Accuracy = 0.892

EPOCH 10 ...
Training Accuracy = 0.895
Validation Accuracy = 0.892

EPOCH 11 ...
Training Accuracy = 0.900
Validation Accuracy = 0.902

EPOCH 12 ...
Training Accuracy = 0.899
Validation Accuracy = 0.893

EPOCH 13 ...
Training Accuracy = 0.906
Validation Accuracy = 0.907

EPOCH 14 ...
Training Accuracy = 0.919
Validation Accuracy = 0.905

EPOCH 15 ...
Training Accuracy = 0.916
Validation Accuracy = 0.909

EPOCH 16 ...
Training Accuracy = 0.920
Validation Accuracy = 0.917

EPOCH 17 ...
Training Accuracy = 0.910
Validation Accuracy = 0.907

EPOCH 18 ...
Training Accuracy = 0.913
Validation Accuracy = 0.902

EPOCH 19 ...
Training Accuracy = 0.915
Validation Accuracy = 0.903

EPOCH 20 ...
Training Accuracy = 0.926
Validation Accuracy = 0.924

Model saved
