Training...

EPOCH 1 ...
Training Accuracy = 0.786
Validation Accuracy = 0.779

EPOCH 2 ...
Training Accuracy = 0.879
Validation Accuracy = 0.863

EPOCH 3 ...
Training Accuracy = 0.906
Validation Accuracy = 0.888

EPOCH 4 ...
Training Accuracy = 0.927
Validation Accuracy = 0.905

EPOCH 5 ...
Training Accuracy = 0.937
Validation Accuracy = 0.917

EPOCH 6 ...
Training Accuracy = 0.941
Validation Accuracy = 0.913

EPOCH 7 ...
Training Accuracy = 0.951
Validation Accuracy = 0.926

EPOCH 8 ...
Training Accuracy = 0.952
Validation Accuracy = 0.924

EPOCH 9 ...
Training Accuracy = 0.956
Validation Accuracy = 0.935

EPOCH 10 ...
Training Accuracy = 0.959
Validation Accuracy = 0.931

EPOCH 11 ...
Training Accuracy = 0.958
Validation Accuracy = 0.931

EPOCH 12 ...
Training Accuracy = 0.964
Validation Accuracy = 0.933

EPOCH 13 ...
Training Accuracy = 0.966
Validation Accuracy = 0.931

EPOCH 14 ...
Training Accuracy = 0.965
Validation Accuracy = 0.937

EPOCH 15 ...
Training Accuracy = 0.966
Validation Accuracy = 0.933

EPOCH 16 ...
Training Accuracy = 0.967
Validation Accuracy = 0.935

EPOCH 17 ...
Training Accuracy = 0.969
Validation Accuracy = 0.945

EPOCH 18 ...
Training Accuracy = 0.972
Validation Accuracy = 0.945

EPOCH 19 ...
Training Accuracy = 0.973
Validation Accuracy = 0.943

EPOCH 20 ...
Training Accuracy = 0.970
Validation Accuracy = 0.934

Model saved
